{"C:\\Users\\sraus\\WebstormProjects\\vdev-stock\\src\\components\\ui\\button.tsx": {"path":"C:\\Users\\sraus\\WebstormProjects\\vdev-stock\\src\\components\\ui\\button.tsx","statementMap":{"0":{"start":{"line":1,"column":0},"end":{"line":1,"column":30}},"1":{"start":{"line":2,"column":0},"end":{"line":2,"column":43}},"2":{"start":{"line":3,"column":0},"end":{"line":3,"column":65}},"3":{"start":{"line":5,"column":0},"end":{"line":5,"column":32}},"4":{"start":{"line":7,"column":23},"end":{"line":33,"column":null}},"5":{"start":{"line":56,"column":17},"end":{"line":56,"column":31}},"6":{"start":{"line":42,"column":15},"end":{"line":52,"column":null}},"7":{"start":{"line":44,"column":17},"end":{"line":44,"column":42}},"8":{"start":{"line":45,"column":4},"end":{"line":51,"column":null}},"9":{"start":{"line":56,"column":9},"end":{"line":56,"column":15}},"10":{"start":{"line":54,"column":0},"end":{"line":54,"column":null}}},"fnMap":{"0":{"name":"(anonymous_6)","decl":{"start":{"line":43,"column":2},"end":{"line":43,"column":3}},"loc":{"start":{"line":43,"column":67},"end":{"line":52,"column":3}}}},"branchMap":{"0":{"loc":{"start":{"line":43,"column":31},"end":{"line":43,"column":46}},"type":"default-arg","locations":[{"start":{"line":43,"column":41},"end":{"line":43,"column":46}}]},"1":{"loc":{"start":{"line":44,"column":17},"end":{"line":44,"column":42}},"type":"cond-expr","locations":[{"start":{"line":44,"column":27},"end":{"line":44,"column":31}},{"start":{"line":44,"column":34},"end":{"line":44,"column":42}}]}},"s":{"0":1,"1":1,"2":1,"3":1,"4":1,"5":1,"6":1,"7":3,"8":3,"9":1,"10":1},"f":{"0":3},"b":{"0":[3],"1":[0,3]}}
,"C:\\Users\\sraus\\WebstormProjects\\vdev-stock\\src\\lib\\utils.ts": {"path":"C:\\Users\\sraus\\WebstormProjects\\vdev-stock\\src\\lib\\utils.ts","statementMap":{"0":{"start":{"line":5,"column":0},"end":{"line":5,"column":16}},"1":{"start":{"line":9,"column":0},"end":{"line":9,"column":16}},"2":{"start":{"line":16,"column":0},"end":{"line":16,"column":16}},"3":{"start":{"line":27,"column":0},"end":{"line":27,"column":16}},"4":{"start":{"line":33,"column":0},"end":{"line":33,"column":16}},"5":{"start":{"line":40,"column":0},"end":{"line":40,"column":16}},"6":{"start":{"line":44,"column":0},"end":{"line":44,"column":16}},"7":{"start":{"line":49,"column":0},"end":{"line":49,"column":16}},"8":{"start":{"line":2,"column":0},"end":{"line":2,"column":45}},"9":{"start":{"line":3,"column":0},"end":{"line":3,"column":41}},"10":{"start":{"line":6,"column":2},"end":{"line":6,"column":31}},"11":{"start":{"line":10,"column":2},"end":{"line":13,"column":19}},"12":{"start":{"line":17,"column":15},"end":{"line":17,"column":35}},"13":{"start":{"line":18,"column":2},"end":{"line":24,"column":18}},"14":{"start":{"line":28,"column":2},"end":{"line":28,"column":23}},"15":{"start":{"line":28,"column":13},"end":{"line":28,"column":23}},"16":{"start":{"line":29,"column":2},"end":{"line":29,"column":44}},"17":{"start":{"line":29,"column":32},"end":{"line":29,"column":44}},"18":{"start":{"line":30,"column":2},"end":{"line":30,"column":46}},"19":{"start":{"line":34,"column":2},"end":{"line":34,"column":74}},"20":{"start":{"line":34,"column":21},"end":{"line":34,"column":74}},"21":{"start":{"line":35,"column":2},"end":{"line":35,"column":85}},"22":{"start":{"line":35,"column":36},"end":{"line":35,"column":85}},"23":{"start":{"line":36,"column":2},"end":{"line":36,"column":82}},"24":{"start":{"line":36,"column":32},"end":{"line":36,"column":82}},"25":{"start":{"line":37,"column":2},"end":{"line":37,"column":53}},"26":{"start":{"line":41,"column":2},"end":{"line":41,"column":39}},"27":{"start":{"line":45,"column":2},"end":{"line":45,"column":28}},"28":{"start":{"line":45,"column":19},"end":{"line":45,"column":28}},"29":{"start":{"line":46,"column":2},"end":{"line":46,"column":31}},"30":{"start":{"line":50,"column":2},"end":{"line":50,"column":30}},"31":{"start":{"line":50,"column":20},"end":{"line":50,"column":30}},"32":{"start":{"line":53,"column":18},"end":{"line":53,"column":48}},"33":{"start":{"line":56,"column":2},"end":{"line":62,"column":3}},"34":{"start":{"line":58,"column":4},"end":{"line":58,"column":81}},"35":{"start":{"line":59,"column":9},"end":{"line":62,"column":3}},"36":{"start":{"line":61,"column":4},"end":{"line":61,"column":81}},"37":{"start":{"line":65,"column":2},"end":{"line":65,"column":21}}},"fnMap":{"0":{"name":"cn","decl":{"start":{"line":5,"column":16},"end":{"line":5,"column":18}},"loc":{"start":{"line":5,"column":42},"end":{"line":7,"column":1}}},"1":{"name":"formatCurrency","decl":{"start":{"line":9,"column":16},"end":{"line":9,"column":30}},"loc":{"start":{"line":9,"column":44},"end":{"line":14,"column":1}}},"2":{"name":"formatDate","decl":{"start":{"line":16,"column":16},"end":{"line":16,"column":26}},"loc":{"start":{"line":16,"column":45},"end":{"line":25,"column":1}}},"3":{"name":"truncateText","decl":{"start":{"line":27,"column":16},"end":{"line":27,"column":28}},"loc":{"start":{"line":27,"column":60},"end":{"line":31,"column":1}}},"4":{"name":"getStockStatus","decl":{"start":{"line":33,"column":16},"end":{"line":33,"column":30}},"loc":{"start":{"line":33,"column":74},"end":{"line":38,"column":1}}},"5":{"name":"formatPercentage","decl":{"start":{"line":40,"column":16},"end":{"line":40,"column":32}},"loc":{"start":{"line":40,"column":68},"end":{"line":42,"column":1}}},"6":{"name":"calculatePercentage","decl":{"start":{"line":44,"column":16},"end":{"line":44,"column":35}},"loc":{"start":{"line":44,"column":64},"end":{"line":47,"column":1}}},"7":{"name":"formatPhoneNumber","decl":{"start":{"line":49,"column":16},"end":{"line":49,"column":33}},"loc":{"start":{"line":49,"column":53},"end":{"line":66,"column":1}}}},"branchMap":{"0":{"loc":{"start":{"line":28,"column":2},"end":{"line":28,"column":23}},"type":"if","locations":[{"start":{"line":28,"column":2},"end":{"line":28,"column":23}},{"start":{},"end":{}}]},"1":{"loc":{"start":{"line":29,"column":2},"end":{"line":29,"column":44}},"type":"if","locations":[{"start":{"line":29,"column":2},"end":{"line":29,"column":44}},{"start":{},"end":{}}]},"2":{"loc":{"start":{"line":33,"column":49},"end":{"line":33,"column":74}},"type":"default-arg","locations":[{"start":{"line":33,"column":72},"end":{"line":33,"column":74}}]},"3":{"loc":{"start":{"line":34,"column":2},"end":{"line":34,"column":74}},"type":"if","locations":[{"start":{"line":34,"column":2},"end":{"line":34,"column":74}},{"start":{},"end":{}}]},"4":{"loc":{"start":{"line":35,"column":2},"end":{"line":35,"column":85}},"type":"if","locations":[{"start":{"line":35,"column":2},"end":{"line":35,"column":85}},{"start":{},"end":{}}]},"5":{"loc":{"start":{"line":36,"column":2},"end":{"line":36,"column":82}},"type":"if","locations":[{"start":{"line":36,"column":2},"end":{"line":36,"column":82}},{"start":{},"end":{}}]},"6":{"loc":{"start":{"line":40,"column":48},"end":{"line":40,"column":68}},"type":"default-arg","locations":[{"start":{"line":40,"column":67},"end":{"line":40,"column":68}}]},"7":{"loc":{"start":{"line":45,"column":2},"end":{"line":45,"column":28}},"type":"if","locations":[{"start":{"line":45,"column":2},"end":{"line":45,"column":28}},{"start":{},"end":{}}]},"8":{"loc":{"start":{"line":50,"column":2},"end":{"line":50,"column":30}},"type":"if","locations":[{"start":{"line":50,"column":2},"end":{"line":50,"column":30}},{"start":{},"end":{}}]},"9":{"loc":{"start":{"line":56,"column":2},"end":{"line":62,"column":3}},"type":"if","locations":[{"start":{"line":56,"column":2},"end":{"line":62,"column":3}},{"start":{"line":59,"column":9},"end":{"line":62,"column":3}}]},"10":{"loc":{"start":{"line":59,"column":9},"end":{"line":62,"column":3}},"type":"if","locations":[{"start":{"line":59,"column":9},"end":{"line":62,"column":3}},{"start":{},"end":{}}]}},"s":{"0":2,"1":2,"2":2,"3":2,"4":2,"5":2,"6":2,"7":2,"8":2,"9":2,"10":5,"11":3,"12":2,"13":2,"14":6,"15":3,"16":3,"17":2,"18":1,"19":5,"20":1,"21":4,"22":2,"23":2,"24":1,"25":1,"26":4,"27":4,"28":1,"29":3,"30":10,"31":3,"32":7,"33":7,"34":4,"35":3,"36":1,"37":2},"f":{"0":5,"1":3,"2":2,"3":6,"4":5,"5":4,"6":4,"7":10},"b":{"0":[3,3],"1":[2,1],"2":[2],"3":[1,4],"4":[2,2],"5":[1,1],"6":[2],"7":[1,3],"8":[3,7],"9":[4,3],"10":[1,2]}}
,"C:\\Users\\sraus\\WebstormProjects\\vdev-stock\\src\\services\\cacheService.ts": {"path":"C:\\Users\\sraus\\WebstormProjects\\vdev-stock\\src\\services\\cacheService.ts","statementMap":{"0":{"start":{"line":13,"column":47},"end":{"line":13,"column":56}},"1":{"start":{"line":14,"column":51},"end":{"line":14,"column":55}},"2":{"start":{"line":15,"column":33},"end":{"line":15,"column":46}},"3":{"start":{"line":16,"column":38},"end":{"line":16,"column":51}},"4":{"start":{"line":19,"column":4},"end":{"line":19,"column":29}},"5":{"start":{"line":26,"column":17},"end":{"line":26,"column":36}},"6":{"start":{"line":28,"column":4},"end":{"line":31,"column":5}},"7":{"start":{"line":29,"column":6},"end":{"line":29,"column":48}},"8":{"start":{"line":30,"column":6},"end":{"line":30,"column":18}},"9":{"start":{"line":33,"column":16},"end":{"line":33,"column":26}},"10":{"start":{"line":36,"column":4},"end":{"line":40,"column":5}},"11":{"start":{"line":37,"column":6},"end":{"line":37,"column":51}},"12":{"start":{"line":38,"column":6},"end":{"line":38,"column":29}},"13":{"start":{"line":39,"column":6},"end":{"line":39,"column":18}},"14":{"start":{"line":43,"column":4},"end":{"line":43,"column":28}},"15":{"start":{"line":45,"column":4},"end":{"line":45,"column":45}},"16":{"start":{"line":46,"column":4},"end":{"line":46,"column":27}},"17":{"start":{"line":53,"column":16},"end":{"line":53,"column":26}},"18":{"start":{"line":54,"column":16},"end":{"line":54,"column":41}},"19":{"start":{"line":56,"column":4},"end":{"line":60,"column":7}},"20":{"start":{"line":62,"column":4},"end":{"line":62,"column":60}},"21":{"start":{"line":69,"column":20},"end":{"line":69,"column":42}},"22":{"start":{"line":70,"column":4},"end":{"line":72,"column":5}},"23":{"start":{"line":71,"column":6},"end":{"line":71,"column":51}},"24":{"start":{"line":73,"column":4},"end":{"line":73,"column":19}},"25":{"start":{"line":80,"column":18},"end":{"line":80,"column":19}},"26":{"start":{"line":81,"column":18},"end":{"line":81,"column":37}},"27":{"start":{"line":83,"column":4},"end":{"line":88,"column":5}},"28":{"start":{"line":84,"column":6},"end":{"line":87,"column":7}},"29":{"start":{"line":85,"column":8},"end":{"line":85,"column":31}},"30":{"start":{"line":86,"column":8},"end":{"line":86,"column":18}},"31":{"start":{"line":90,"column":4},"end":{"line":92,"column":5}},"32":{"start":{"line":91,"column":6},"end":{"line":91,"column":81}},"33":{"start":{"line":94,"column":4},"end":{"line":94,"column":19}},"34":{"start":{"line":101,"column":17},"end":{"line":101,"column":32}},"35":{"start":{"line":102,"column":4},"end":{"line":102,"column":23}},"36":{"start":{"line":103,"column":4},"end":{"line":103,"column":57}},"37":{"start":{"line":114,"column":17},"end":{"line":114,"column":46}},"38":{"start":{"line":115,"column":4},"end":{"line":119,"column":6}},"39":{"start":{"line":126,"column":17},"end":{"line":126,"column":36}},"40":{"start":{"line":127,"column":4},"end":{"line":127,"column":28}},"41":{"start":{"line":127,"column":15},"end":{"line":127,"column":28}},"42":{"start":{"line":130,"column":4},"end":{"line":133,"column":5}},"43":{"start":{"line":131,"column":6},"end":{"line":131,"column":29}},"44":{"start":{"line":132,"column":6},"end":{"line":132,"column":19}},"45":{"start":{"line":135,"column":4},"end":{"line":135,"column":16}},"46":{"start":{"line":142,"column":4},"end":{"line":144,"column":5}},"47":{"start":{"line":143,"column":6},"end":{"line":143,"column":42}},"48":{"start":{"line":146,"column":4},"end":{"line":148,"column":30}},"49":{"start":{"line":147,"column":6},"end":{"line":147,"column":28}},"50":{"start":{"line":155,"column":16},"end":{"line":155,"column":26}},"51":{"start":{"line":156,"column":18},"end":{"line":156,"column":19}},"52":{"start":{"line":158,"column":4},"end":{"line":163,"column":5}},"53":{"start":{"line":159,"column":6},"end":{"line":162,"column":7}},"54":{"start":{"line":160,"column":8},"end":{"line":160,"column":31}},"55":{"start":{"line":161,"column":8},"end":{"line":161,"column":18}},"56":{"start":{"line":165,"column":4},"end":{"line":167,"column":5}},"57":{"start":{"line":166,"column":6},"end":{"line":166,"column":69}},"58":{"start":{"line":174,"column":4},"end":{"line":177,"column":5}},"59":{"start":{"line":175,"column":6},"end":{"line":175,"column":42}},"60":{"start":{"line":176,"column":6},"end":{"line":176,"column":34}},"61":{"start":{"line":178,"column":4},"end":{"line":178,"column":17}},"62":{"start":{"line":183,"column":13},"end":{"line":183,"column":55}},"63":{"start":{"line":186,"column":0},"end":{"line":190,"column":1}},"64":{"start":{"line":187,"column":2},"end":{"line":189,"column":5}},"65":{"start":{"line":188,"column":4},"end":{"line":188,"column":27}}},"fnMap":{"0":{"name":"(anonymous_0)","decl":{"start":{"line":18,"column":2},"end":{"line":18,"column":null}},"loc":{"start":{"line":18,"column":2},"end":{"line":20,"column":3}}},"1":{"name":"(anonymous_1)","decl":{"start":{"line":25,"column":2},"end":{"line":25,"column":5}},"loc":{"start":{"line":25,"column":20},"end":{"line":47,"column":3}}},"2":{"name":"(anonymous_2)","decl":{"start":{"line":52,"column":2},"end":{"line":52,"column":5}},"loc":{"start":{"line":52,"column":46},"end":{"line":63,"column":3}}},"3":{"name":"(anonymous_3)","decl":{"start":{"line":68,"column":2},"end":{"line":68,"column":8}},"loc":{"start":{"line":68,"column":20},"end":{"line":74,"column":3}}},"4":{"name":"(anonymous_4)","decl":{"start":{"line":79,"column":2},"end":{"line":79,"column":17}},"loc":{"start":{"line":79,"column":33},"end":{"line":95,"column":3}}},"5":{"name":"(anonymous_5)","decl":{"start":{"line":100,"column":2},"end":{"line":100,"column":7}},"loc":{"start":{"line":100,"column":7},"end":{"line":104,"column":3}}},"6":{"name":"(anonymous_6)","decl":{"start":{"line":109,"column":2},"end":{"line":109,"column":10}},"loc":{"start":{"line":109,"column":10},"end":{"line":120,"column":3}}},"7":{"name":"(anonymous_7)","decl":{"start":{"line":125,"column":2},"end":{"line":125,"column":5}},"loc":{"start":{"line":125,"column":17},"end":{"line":136,"column":3}}},"8":{"name":"(anonymous_8)","decl":{"start":{"line":141,"column":10},"end":{"line":141,"column":27}},"loc":{"start":{"line":141,"column":27},"end":{"line":149,"column":3}}},"9":{"name":"(anonymous_9)","decl":{"start":{"line":146,"column":39},"end":{"line":146,"column":42}},"loc":{"start":{"line":146,"column":44},"end":{"line":148,"column":5}}},"10":{"name":"(anonymous_10)","decl":{"start":{"line":154,"column":10},"end":{"line":154,"column":24}},"loc":{"start":{"line":154,"column":24},"end":{"line":168,"column":3}}},"11":{"name":"(anonymous_11)","decl":{"start":{"line":173,"column":2},"end":{"line":173,"column":9}},"loc":{"start":{"line":173,"column":9},"end":{"line":179,"column":3}}},"12":{"name":"(anonymous_12)","decl":{"start":{"line":187,"column":42},"end":{"line":187,"column":45}},"loc":{"start":{"line":187,"column":47},"end":{"line":189,"column":3}}}},"branchMap":{"0":{"loc":{"start":{"line":28,"column":4},"end":{"line":31,"column":5}},"type":"if","locations":[{"start":{"line":28,"column":4},"end":{"line":31,"column":5}},{"start":{},"end":{}}]},"1":{"loc":{"start":{"line":36,"column":4},"end":{"line":40,"column":5}},"type":"if","locations":[{"start":{"line":36,"column":4},"end":{"line":40,"column":5}},{"start":{},"end":{}}]},"2":{"loc":{"start":{"line":54,"column":16},"end":{"line":54,"column":41}},"type":"binary-expr","locations":[{"start":{"line":54,"column":16},"end":{"line":54,"column":21}},{"start":{"line":54,"column":25},"end":{"line":54,"column":41}}]},"3":{"loc":{"start":{"line":70,"column":4},"end":{"line":72,"column":5}},"type":"if","locations":[{"start":{"line":70,"column":4},"end":{"line":72,"column":5}},{"start":{},"end":{}}]},"4":{"loc":{"start":{"line":84,"column":6},"end":{"line":87,"column":7}},"type":"if","locations":[{"start":{"line":84,"column":6},"end":{"line":87,"column":7}},{"start":{},"end":{}}]},"5":{"loc":{"start":{"line":90,"column":4},"end":{"line":92,"column":5}},"type":"if","locations":[{"start":{"line":90,"column":4},"end":{"line":92,"column":5}},{"start":{},"end":{}}]},"6":{"loc":{"start":{"line":127,"column":4},"end":{"line":127,"column":28}},"type":"if","locations":[{"start":{"line":127,"column":4},"end":{"line":127,"column":28}},{"start":{},"end":{}}]},"7":{"loc":{"start":{"line":130,"column":4},"end":{"line":133,"column":5}},"type":"if","locations":[{"start":{"line":130,"column":4},"end":{"line":133,"column":5}},{"start":{},"end":{}}]},"8":{"loc":{"start":{"line":142,"column":4},"end":{"line":144,"column":5}},"type":"if","locations":[{"start":{"line":142,"column":4},"end":{"line":144,"column":5}},{"start":{},"end":{}}]},"9":{"loc":{"start":{"line":159,"column":6},"end":{"line":162,"column":7}},"type":"if","locations":[{"start":{"line":159,"column":6},"end":{"line":162,"column":7}},{"start":{},"end":{}}]},"10":{"loc":{"start":{"line":165,"column":4},"end":{"line":167,"column":5}},"type":"if","locations":[{"start":{"line":165,"column":4},"end":{"line":167,"column":5}},{"start":{},"end":{}}]},"11":{"loc":{"start":{"line":174,"column":4},"end":{"line":177,"column":5}},"type":"if","locations":[{"start":{"line":174,"column":4},"end":{"line":177,"column":5}},{"start":{},"end":{}}]},"12":{"loc":{"start":{"line":186,"column":0},"end":{"line":190,"column":1}},"type":"if","locations":[{"start":{"line":186,"column":0},"end":{"line":190,"column":1}},{"start":{},"end":{}}]}},"s":{"0":1,"1":1,"2":1,"3":1,"4":1,"5":3,"6":3,"7":2,"8":2,"9":1,"10":1,"11":0,"12":0,"13":0,"14":1,"15":1,"16":1,"17":8,"18":8,"19":8,"20":8,"21":1,"22":1,"23":1,"24":1,"25":0,"26":0,"27":0,"28":0,"29":0,"30":0,"31":0,"32":0,"33":0,"34":8,"35":8,"36":8,"37":0,"38":0,"39":14,"40":14,"41":7,"42":7,"43":0,"44":0,"45":7,"46":1,"47":0,"48":1,"49":0,"50":0,"51":0,"52":0,"53":0,"54":0,"55":0,"56":0,"57":0,"58":0,"59":0,"60":0,"61":0,"62":1,"63":1,"64":1,"65":0},"f":{"0":1,"1":3,"2":8,"3":1,"4":0,"5":8,"6":0,"7":14,"8":1,"9":0,"10":0,"11":0,"12":0},"b":{"0":[2,1],"1":[0,1],"2":[8,8],"3":[1,0],"4":[0,0],"5":[0,0],"6":[7,7],"7":[0,7],"8":[0,1],"9":[0,0],"10":[0,0],"11":[0,0],"12":[1,0]}}
,"C:\\Users\\sraus\\WebstormProjects\\vdev-stock\\src\\services\\stockMovementValidation.ts": {"path":"C:\\Users\\sraus\\WebstormProjects\\vdev-stock\\src\\services\\stockMovementValidation.ts","statementMap":{"0":{"start":{"line":8,"column":41},"end":{"line":24,"column":1}},"1":{"start":{"line":12,"column":34},"end":{"line":12,"column":36}},"2":{"start":{"line":14,"column":2},"end":{"line":16,"column":3}},"3":{"start":{"line":15,"column":4},"end":{"line":15,"column":53}},"4":{"start":{"line":19,"column":2},"end":{"line":21,"column":3}},"5":{"start":{"line":20,"column":4},"end":{"line":20,"column":74}},"6":{"start":{"line":23,"column":2},"end":{"line":23,"column":16}},"7":{"start":{"line":8,"column":13},"end":{"line":8,"column":41}},"8":{"start":{"line":26,"column":35},"end":{"line":28,"column":1}},"9":{"start":{"line":27,"column":2},"end":{"line":27,"column":61}},"10":{"start":{"line":27,"column":45},"end":{"line":27,"column":59}},"11":{"start":{"line":26,"column":13},"end":{"line":26,"column":35}}},"fnMap":{"0":{"name":"(anonymous_0)","decl":{"start":{"line":8,"column":41},"end":{"line":8,"column":null}},"loc":{"start":{"line":11,"column":21},"end":{"line":24,"column":1}}},"1":{"name":"(anonymous_1)","decl":{"start":{"line":26,"column":35},"end":{"line":26,"column":36}},"loc":{"start":{"line":26,"column":72},"end":{"line":28,"column":1}}},"2":{"name":"(anonymous_2)","decl":{"start":{"line":27,"column":36},"end":{"line":27,"column":41}},"loc":{"start":{"line":27,"column":45},"end":{"line":27,"column":59}}}},"branchMap":{"0":{"loc":{"start":{"line":14,"column":2},"end":{"line":16,"column":3}},"type":"if","locations":[{"start":{"line":14,"column":2},"end":{"line":16,"column":3}},{"start":{},"end":{}}]},"1":{"loc":{"start":{"line":19,"column":2},"end":{"line":21,"column":3}},"type":"if","locations":[{"start":{"line":19,"column":2},"end":{"line":21,"column":3}},{"start":{},"end":{}}]},"2":{"loc":{"start":{"line":19,"column":6},"end":{"line":19,"column":82}},"type":"binary-expr","locations":[{"start":{"line":19,"column":6},"end":{"line":19,"column":15}},{"start":{"line":19,"column":19},"end":{"line":19,"column":34}},{"start":{"line":19,"column":38},"end":{"line":19,"column":51}},{"start":{"line":19,"column":55},"end":{"line":19,"column":82}}]}},"s":{"0":1,"1":11,"2":11,"3":2,"4":11,"5":7,"6":11,"7":1,"8":1,"9":5,"10":6,"11":1},"f":{"0":11,"1":5,"2":6},"b":{"0":[2,9],"1":[7,4],"2":[11,6,6,5]}}
,"C:\\Users\\sraus\\WebstormProjects\\vdev-stock\\src\\utils\\formatters.ts": {"path":"C:\\Users\\sraus\\WebstormProjects\\vdev-stock\\src\\utils\\formatters.ts","statementMap":{"0":{"start":{"line":11,"column":0},"end":{"line":11,"column":16}},"1":{"start":{"line":31,"column":0},"end":{"line":31,"column":16}},"2":{"start":{"line":48,"column":0},"end":{"line":48,"column":16}},"3":{"start":{"line":70,"column":0},"end":{"line":70,"column":16}},"4":{"start":{"line":89,"column":0},"end":{"line":89,"column":16}},"5":{"start":{"line":111,"column":0},"end":{"line":111,"column":16}},"6":{"start":{"line":13,"column":19},"end":{"line":13,"column":79}},"7":{"start":{"line":16,"column":2},"end":{"line":16,"column":81}},"8":{"start":{"line":16,"column":64},"end":{"line":16,"column":81}},"9":{"start":{"line":18,"column":2},"end":{"line":23,"column":22}},"10":{"start":{"line":33,"column":20},"end":{"line":33,"column":50}},"11":{"start":{"line":36,"column":21},"end":{"line":36,"column":48}},"12":{"start":{"line":39,"column":2},"end":{"line":39,"column":37}},"13":{"start":{"line":52,"column":2},"end":{"line":62,"column":4}},"14":{"start":{"line":55,"column":23},"end":{"line":55,"column":52}},"15":{"start":{"line":56,"column":6},"end":{"line":56,"column":25}},"16":{"start":{"line":60,"column":6},"end":{"line":60,"column":24}},"17":{"start":{"line":71,"column":2},"end":{"line":71,"column":23}},"18":{"start":{"line":71,"column":13},"end":{"line":71,"column":23}},"19":{"start":{"line":73,"column":18},"end":{"line":73,"column":66}},"20":{"start":{"line":75,"column":2},"end":{"line":75,"column":42}},"21":{"start":{"line":75,"column":32},"end":{"line":75,"column":42}},"22":{"start":{"line":77,"column":2},"end":{"line":81,"column":5}},"23":{"start":{"line":90,"column":2},"end":{"line":90,"column":23}},"24":{"start":{"line":90,"column":13},"end":{"line":90,"column":23}},"25":{"start":{"line":92,"column":18},"end":{"line":92,"column":66}},"26":{"start":{"line":94,"column":2},"end":{"line":94,"column":42}},"27":{"start":{"line":94,"column":32},"end":{"line":94,"column":42}},"28":{"start":{"line":96,"column":2},"end":{"line":102,"column":5}},"29":{"start":{"line":112,"column":2},"end":{"line":112,"column":39}}},"fnMap":{"0":{"name":"formatCurrency","decl":{"start":{"line":11,"column":16},"end":{"line":11,"column":30}},"loc":{"start":{"line":11,"column":72},"end":{"line":24,"column":1}}},"1":{"name":"parseCurrency","decl":{"start":{"line":31,"column":16},"end":{"line":31,"column":29}},"loc":{"start":{"line":31,"column":43},"end":{"line":40,"column":1}}},"2":{"name":"useCurrencyInput","decl":{"start":{"line":48,"column":16},"end":{"line":48,"column":32}},"loc":{"start":{"line":50,"column":35},"end":{"line":63,"column":1}}},"3":{"name":"(anonymous_3)","decl":{"start":{"line":54,"column":14},"end":{"line":54,"column":15}},"loc":{"start":{"line":54,"column":57},"end":{"line":57,"column":5}}},"4":{"name":"(anonymous_4)","decl":{"start":{"line":58,"column":13},"end":{"line":58,"column":14}},"loc":{"start":{"line":58,"column":55},"end":{"line":61,"column":5}}},"5":{"name":"formatDate","decl":{"start":{"line":70,"column":16},"end":{"line":70,"column":26}},"loc":{"start":{"line":70,"column":65},"end":{"line":82,"column":1}}},"6":{"name":"formatDateTime","decl":{"start":{"line":89,"column":16},"end":{"line":89,"column":30}},"loc":{"start":{"line":89,"column":69},"end":{"line":103,"column":1}}},"7":{"name":"formatPercentage","decl":{"start":{"line":111,"column":16},"end":{"line":111,"column":32}},"loc":{"start":{"line":111,"column":68},"end":{"line":113,"column":1}}}},"branchMap":{"0":{"loc":{"start":{"line":13,"column":19},"end":{"line":13,"column":79}},"type":"cond-expr","locations":[{"start":{"line":13,"column":47},"end":{"line":13,"column":64}},{"start":{"line":13,"column":68},"end":{"line":13,"column":78}}]},"1":{"loc":{"start":{"line":13,"column":68},"end":{"line":13,"column":78}},"type":"binary-expr","locations":[{"start":{"line":13,"column":68},"end":{"line":13,"column":73}},{"start":{"line":13,"column":77},"end":{"line":13,"column":78}}]},"2":{"loc":{"start":{"line":16,"column":2},"end":{"line":16,"column":81}},"type":"if","locations":[{"start":{"line":16,"column":2},"end":{"line":16,"column":81}},{"start":{},"end":{}}]},"3":{"loc":{"start":{"line":16,"column":6},"end":{"line":16,"column":62}},"type":"binary-expr","locations":[{"start":{"line":16,"column":6},"end":{"line":16,"column":21}},{"start":{"line":16,"column":25},"end":{"line":16,"column":39}},{"start":{"line":16,"column":43},"end":{"line":16,"column":62}}]},"4":{"loc":{"start":{"line":39,"column":9},"end":{"line":39,"column":36}},"type":"binary-expr","locations":[{"start":{"line":39,"column":9},"end":{"line":39,"column":31}},{"start":{"line":39,"column":35},"end":{"line":39,"column":36}}]},"5":{"loc":{"start":{"line":71,"column":2},"end":{"line":71,"column":23}},"type":"if","locations":[{"start":{"line":71,"column":2},"end":{"line":71,"column":23}},{"start":{},"end":{}}]},"6":{"loc":{"start":{"line":73,"column":18},"end":{"line":73,"column":66}},"type":"cond-expr","locations":[{"start":{"line":73,"column":45},"end":{"line":73,"column":59}},{"start":{"line":73,"column":62},"end":{"line":73,"column":66}}]},"7":{"loc":{"start":{"line":75,"column":2},"end":{"line":75,"column":42}},"type":"if","locations":[{"start":{"line":75,"column":2},"end":{"line":75,"column":42}},{"start":{},"end":{}}]},"8":{"loc":{"start":{"line":90,"column":2},"end":{"line":90,"column":23}},"type":"if","locations":[{"start":{"line":90,"column":2},"end":{"line":90,"column":23}},{"start":{},"end":{}}]},"9":{"loc":{"start":{"line":92,"column":18},"end":{"line":92,"column":66}},"type":"cond-expr","locations":[{"start":{"line":92,"column":45},"end":{"line":92,"column":59}},{"start":{"line":92,"column":62},"end":{"line":92,"column":66}}]},"10":{"loc":{"start":{"line":94,"column":2},"end":{"line":94,"column":42}},"type":"if","locations":[{"start":{"line":94,"column":2},"end":{"line":94,"column":42}},{"start":{},"end":{}}]},"11":{"loc":{"start":{"line":111,"column":48},"end":{"line":111,"column":68}},"type":"default-arg","locations":[{"start":{"line":111,"column":67},"end":{"line":111,"column":68}}]}},"s":{"0":1,"1":1,"2":1,"3":1,"4":1,"5":1,"6":8,"7":8,"8":3,"9":5,"10":5,"11":5,"12":5,"13":0,"14":0,"15":0,"16":0,"17":6,"18":3,"19":3,"20":3,"21":1,"22":2,"23":4,"24":2,"25":2,"26":2,"27":1,"28":1,"29":4},"f":{"0":8,"1":5,"2":0,"3":0,"4":0,"5":6,"6":4,"7":4},"b":{"0":[1,7],"1":[7,2],"2":[3,5],"3":[8,7,6],"4":[5,2],"5":[3,3],"6":[2,1],"7":[1,2],"8":[2,2],"9":[1,1],"10":[1,1],"11":[2]}}
,"C:\\Users\\sraus\\WebstormProjects\\vdev-stock\\src\\utils\\validators.ts": {"path":"C:\\Users\\sraus\\WebstormProjects\\vdev-stock\\src\\utils\\validators.ts","statementMap":{"0":{"start":{"line":1,"column":0},"end":{"line":1,"column":24}},"1":{"start":{"line":4,"column":13},"end":{"line":7,"column":74}},"2":{"start":{"line":10,"column":13},"end":{"line":38,"column":21}},"3":{"start":{"line":14,"column":19},"end":{"line":14,"column":41}},"4":{"start":{"line":17,"column":4},"end":{"line":17,"column":50}},"5":{"start":{"line":17,"column":37},"end":{"line":17,"column":50}},"6":{"start":{"line":20,"column":14},"end":{"line":20,"column":15}},"7":{"start":{"line":21,"column":4},"end":{"line":23,"column":5}},"8":{"start":{"line":21,"column":17},"end":{"line":21,"column":18}},"9":{"start":{"line":22,"column":6},"end":{"line":22,"column":44}},"10":{"start":{"line":24,"column":21},"end":{"line":24,"column":36}},"11":{"start":{"line":25,"column":4},"end":{"line":25,"column":41}},"12":{"start":{"line":25,"column":26},"end":{"line":25,"column":41}},"13":{"start":{"line":27,"column":4},"end":{"line":27,"column":57}},"14":{"start":{"line":27,"column":44},"end":{"line":27,"column":57}},"15":{"start":{"line":30,"column":4},"end":{"line":30,"column":12}},"16":{"start":{"line":31,"column":4},"end":{"line":33,"column":5}},"17":{"start":{"line":31,"column":17},"end":{"line":31,"column":18}},"18":{"start":{"line":32,"column":6},"end":{"line":32,"column":44}},"19":{"start":{"line":34,"column":22},"end":{"line":34,"column":37}},"20":{"start":{"line":35,"column":4},"end":{"line":35,"column":43}},"21":{"start":{"line":35,"column":27},"end":{"line":35,"column":43}},"22":{"start":{"line":37,"column":4},"end":{"line":37,"column":48}},"23":{"start":{"line":41,"column":13},"end":{"line":69,"column":22}},"24":{"start":{"line":45,"column":19},"end":{"line":45,"column":42}},"25":{"start":{"line":48,"column":4},"end":{"line":48,"column":50}},"26":{"start":{"line":48,"column":37},"end":{"line":48,"column":50}},"27":{"start":{"line":51,"column":21},"end":{"line":51,"column":57}},"28":{"start":{"line":52,"column":21},"end":{"line":52,"column":60}},"29":{"start":{"line":54,"column":14},"end":{"line":54,"column":15}},"30":{"start":{"line":55,"column":4},"end":{"line":57,"column":5}},"31":{"start":{"line":55,"column":17},"end":{"line":55,"column":18}},"32":{"start":{"line":56,"column":6},"end":{"line":56,"column":47}},"33":{"start":{"line":58,"column":21},"end":{"line":58,"column":55}},"34":{"start":{"line":60,"column":4},"end":{"line":60,"column":58}},"35":{"start":{"line":60,"column":45},"end":{"line":60,"column":58}},"36":{"start":{"line":62,"column":4},"end":{"line":62,"column":12}},"37":{"start":{"line":63,"column":4},"end":{"line":65,"column":5}},"38":{"start":{"line":63,"column":17},"end":{"line":63,"column":18}},"39":{"start":{"line":64,"column":6},"end":{"line":64,"column":47}},"40":{"start":{"line":66,"column":22},"end":{"line":66,"column":56}},"41":{"start":{"line":68,"column":4},"end":{"line":68,"column":48}},"42":{"start":{"line":72,"column":13},"end":{"line":74,"column":70}},"43":{"start":{"line":77,"column":13},"end":{"line":79,"column":53}},"44":{"start":{"line":82,"column":13},"end":{"line":84,"column":38}},"45":{"start":{"line":87,"column":29},"end":{"line":91,"column":1}},"46":{"start":{"line":88,"column":2},"end":{"line":88,"column":50}},"47":{"start":{"line":88,"column":37},"end":{"line":88,"column":50}},"48":{"start":{"line":89,"column":21},"end":{"line":89,"column":49}},"49":{"start":{"line":90,"column":2},"end":{"line":90,"column":32}},"50":{"start":{"line":87,"column":13},"end":{"line":87,"column":29}},"51":{"start":{"line":94,"column":32},"end":{"line":101,"column":1}},"52":{"start":{"line":95,"column":2},"end":{"line":95,"column":53}},"53":{"start":{"line":95,"column":40},"end":{"line":95,"column":53}},"54":{"start":{"line":97,"column":23},"end":{"line":97,"column":45}},"55":{"start":{"line":98,"column":23},"end":{"line":98,"column":45}},"56":{"start":{"line":99,"column":21},"end":{"line":99,"column":40}},"57":{"start":{"line":100,"column":2},"end":{"line":100,"column":52}},"58":{"start":{"line":94,"column":13},"end":{"line":94,"column":32}},"59":{"start":{"line":104,"column":32},"end":{"line":110,"column":1}},"60":{"start":{"line":105,"column":2},"end":{"line":105,"column":58}},"61":{"start":{"line":105,"column":45},"end":{"line":105,"column":58}},"62":{"start":{"line":106,"column":2},"end":{"line":108,"column":3}},"63":{"start":{"line":107,"column":4},"end":{"line":107,"column":35}},"64":{"start":{"line":109,"column":2},"end":{"line":109,"column":14}},"65":{"start":{"line":104,"column":13},"end":{"line":104,"column":32}},"66":{"start":{"line":113,"column":13},"end":{"line":116,"column":40}},"67":{"start":{"line":119,"column":13},"end":{"line":122,"column":74}}},"fnMap":{"0":{"name":"(anonymous_0)","decl":{"start":{"line":13,"column":10},"end":{"line":13,"column":11}},"loc":{"start":{"line":13,"column":18},"end":{"line":38,"column":3}}},"1":{"name":"(anonymous_1)","decl":{"start":{"line":44,"column":10},"end":{"line":44,"column":11}},"loc":{"start":{"line":44,"column":19},"end":{"line":69,"column":3}}},"2":{"name":"(anonymous_2)","decl":{"start":{"line":87,"column":29},"end":{"line":87,"column":30}},"loc":{"start":{"line":87,"column":56},"end":{"line":91,"column":1}}},"3":{"name":"(anonymous_3)","decl":{"start":{"line":94,"column":32},"end":{"line":94,"column":33}},"loc":{"start":{"line":94,"column":62},"end":{"line":101,"column":1}}},"4":{"name":"(anonymous_4)","decl":{"start":{"line":104,"column":32},"end":{"line":104,"column":33}},"loc":{"start":{"line":104,"column":56},"end":{"line":110,"column":1}}}},"branchMap":{"0":{"loc":{"start":{"line":17,"column":4},"end":{"line":17,"column":50}},"type":"if","locations":[{"start":{"line":17,"column":4},"end":{"line":17,"column":50}},{"start":{},"end":{}}]},"1":{"loc":{"start":{"line":25,"column":4},"end":{"line":25,"column":41}},"type":"if","locations":[{"start":{"line":25,"column":4},"end":{"line":25,"column":41}},{"start":{},"end":{}}]},"2":{"loc":{"start":{"line":27,"column":4},"end":{"line":27,"column":57}},"type":"if","locations":[{"start":{"line":27,"column":4},"end":{"line":27,"column":57}},{"start":{},"end":{}}]},"3":{"loc":{"start":{"line":35,"column":4},"end":{"line":35,"column":43}},"type":"if","locations":[{"start":{"line":35,"column":4},"end":{"line":35,"column":43}},{"start":{},"end":{}}]},"4":{"loc":{"start":{"line":48,"column":4},"end":{"line":48,"column":50}},"type":"if","locations":[{"start":{"line":48,"column":4},"end":{"line":48,"column":50}},{"start":{},"end":{}}]},"5":{"loc":{"start":{"line":58,"column":21},"end":{"line":58,"column":55}},"type":"cond-expr","locations":[{"start":{"line":58,"column":36},"end":{"line":58,"column":37}},{"start":{"line":58,"column":40},"end":{"line":58,"column":55}}]},"6":{"loc":{"start":{"line":60,"column":4},"end":{"line":60,"column":58}},"type":"if","locations":[{"start":{"line":60,"column":4},"end":{"line":60,"column":58}},{"start":{},"end":{}}]},"7":{"loc":{"start":{"line":66,"column":22},"end":{"line":66,"column":56}},"type":"cond-expr","locations":[{"start":{"line":66,"column":37},"end":{"line":66,"column":38}},{"start":{"line":66,"column":41},"end":{"line":66,"column":56}}]},"8":{"loc":{"start":{"line":88,"column":2},"end":{"line":88,"column":50}},"type":"if","locations":[{"start":{"line":88,"column":2},"end":{"line":88,"column":50}},{"start":{},"end":{}}]},"9":{"loc":{"start":{"line":88,"column":6},"end":{"line":88,"column":35}},"type":"binary-expr","locations":[{"start":{"line":88,"column":6},"end":{"line":88,"column":12}},{"start":{"line":88,"column":16},"end":{"line":88,"column":35}}]},"10":{"loc":{"start":{"line":95,"column":2},"end":{"line":95,"column":53}},"type":"if","locations":[{"start":{"line":95,"column":2},"end":{"line":95,"column":53}},{"start":{},"end":{}}]},"11":{"loc":{"start":{"line":95,"column":6},"end":{"line":95,"column":38}},"type":"binary-expr","locations":[{"start":{"line":95,"column":6},"end":{"line":95,"column":15}},{"start":{"line":95,"column":19},"end":{"line":95,"column":38}}]},"12":{"loc":{"start":{"line":100,"column":9},"end":{"line":100,"column":51}},"type":"binary-expr","locations":[{"start":{"line":100,"column":9},"end":{"line":100,"column":21}},{"start":{"line":100,"column":25},"end":{"line":100,"column":37}},{"start":{"line":100,"column":41},"end":{"line":100,"column":51}}]},"13":{"loc":{"start":{"line":105,"column":2},"end":{"line":105,"column":58}},"type":"if","locations":[{"start":{"line":105,"column":2},"end":{"line":105,"column":58}},{"start":{},"end":{}}]},"14":{"loc":{"start":{"line":105,"column":6},"end":{"line":105,"column":43}},"type":"binary-expr","locations":[{"start":{"line":105,"column":6},"end":{"line":105,"column":20}},{"start":{"line":105,"column":24},"end":{"line":105,"column":43}}]},"15":{"loc":{"start":{"line":106,"column":2},"end":{"line":108,"column":3}},"type":"if","locations":[{"start":{"line":106,"column":2},"end":{"line":108,"column":3}},{"start":{},"end":{}}]}},"s":{"0":1,"1":1,"2":1,"3":3,"4":3,"5":1,"6":2,"7":2,"8":2,"9":18,"10":2,"11":2,"12":2,"13":2,"14":0,"15":2,"16":2,"17":2,"18":20,"19":2,"20":2,"21":0,"22":2,"23":1,"24":3,"25":3,"26":1,"27":2,"28":2,"29":2,"30":2,"31":2,"32":24,"33":2,"34":2,"35":2,"36":0,"37":0,"38":0,"39":0,"40":0,"41":0,"42":1,"43":1,"44":1,"45":1,"46":6,"47":1,"48":5,"49":5,"50":1,"51":1,"52":6,"53":2,"54":4,"55":4,"56":4,"57":4,"58":1,"59":1,"60":8,"61":2,"62":6,"63":4,"64":2,"65":1,"66":1,"67":1},"f":{"0":3,"1":3,"2":6,"3":6,"4":8},"b":{"0":[1,2],"1":[2,0],"2":[0,2],"3":[0,2],"4":[1,2],"5":[0,2],"6":[2,0],"7":[0,0],"8":[1,5],"9":[6,5],"10":[2,4],"11":[6,5],"12":[4,3,2],"13":[2,6],"14":[8,7],"15":[4,2]}}
}
