TN:
SF:src\components\ui\button.tsx
FN:43,(anonymous_6)
FNF:1
FNH:1
FNDA:3,(anonymous_6)
DA:1,1
DA:2,1
DA:3,1
DA:5,1
DA:7,1
DA:42,1
DA:44,3
DA:45,3
DA:54,1
DA:56,1
LF:10
LH:10
BRDA:43,0,0,3
BRDA:44,1,0,0
BRDA:44,1,1,3
BRF:3
BRH:2
end_of_record
TN:
SF:src\lib\utils.ts
FN:5,cn
FN:9,formatCurrency
FN:16,formatDate
FN:27,truncateText
FN:33,getStockStatus
FN:40,formatPercentage
FN:44,calculatePercentage
FN:49,formatPhoneNumber
FNF:8
FNH:8
FNDA:5,cn
FNDA:3,formatCurrency
FNDA:2,formatDate
FNDA:6,truncateText
FNDA:5,getStockStatus
FNDA:4,formatPercentage
FNDA:4,calculatePercentage
FNDA:10,formatPhoneNumber
DA:2,2
DA:3,2
DA:5,2
DA:6,5
DA:9,2
DA:10,3
DA:16,2
DA:17,2
DA:18,2
DA:27,2
DA:28,6
DA:29,3
DA:30,1
DA:33,2
DA:34,5
DA:35,4
DA:36,2
DA:37,1
DA:40,2
DA:41,4
DA:44,2
DA:45,4
DA:46,3
DA:49,2
DA:50,10
DA:53,7
DA:56,7
DA:58,4
DA:59,3
DA:61,1
DA:65,2
LF:31
LH:31
BRDA:28,0,0,3
BRDA:28,0,1,3
BRDA:29,1,0,2
BRDA:29,1,1,1
BRDA:33,2,0,2
BRDA:34,3,0,1
BRDA:34,3,1,4
BRDA:35,4,0,2
BRDA:35,4,1,2
BRDA:36,5,0,1
BRDA:36,5,1,1
BRDA:40,6,0,2
BRDA:45,7,0,1
BRDA:45,7,1,3
BRDA:50,8,0,3
BRDA:50,8,1,7
BRDA:56,9,0,4
BRDA:56,9,1,3
BRDA:59,10,0,1
BRDA:59,10,1,2
BRF:20
BRH:20
end_of_record
TN:
SF:src\services\cacheService.ts
FN:18,(anonymous_0)
FN:25,(anonymous_1)
FN:52,(anonymous_2)
FN:68,(anonymous_3)
FN:79,(anonymous_4)
FN:100,(anonymous_5)
FN:109,(anonymous_6)
FN:125,(anonymous_7)
FN:141,(anonymous_8)
FN:146,(anonymous_9)
FN:154,(anonymous_10)
FN:173,(anonymous_11)
FN:187,(anonymous_12)
FNF:13
FNH:7
FNDA:1,(anonymous_0)
FNDA:3,(anonymous_1)
FNDA:8,(anonymous_2)
FNDA:1,(anonymous_3)
FNDA:0,(anonymous_4)
FNDA:8,(anonymous_5)
FNDA:0,(anonymous_6)
FNDA:14,(anonymous_7)
FNDA:1,(anonymous_8)
FNDA:0,(anonymous_9)
FNDA:0,(anonymous_10)
FNDA:0,(anonymous_11)
FNDA:0,(anonymous_12)
DA:13,1
DA:14,1
DA:15,1
DA:16,1
DA:19,1
DA:26,3
DA:28,3
DA:29,2
DA:30,2
DA:33,1
DA:36,1
DA:37,0
DA:38,0
DA:39,0
DA:43,1
DA:45,1
DA:46,1
DA:53,8
DA:54,8
DA:56,8
DA:62,8
DA:69,1
DA:70,1
DA:71,1
DA:73,1
DA:80,0
DA:81,0
DA:83,0
DA:84,0
DA:85,0
DA:86,0
DA:90,0
DA:91,0
DA:94,0
DA:101,8
DA:102,8
DA:103,8
DA:114,0
DA:115,0
DA:126,14
DA:127,14
DA:130,7
DA:131,0
DA:132,0
DA:135,7
DA:142,1
DA:143,0
DA:146,1
DA:147,0
DA:155,0
DA:156,0
DA:158,0
DA:159,0
DA:160,0
DA:161,0
DA:165,0
DA:166,0
DA:174,0
DA:175,0
DA:176,0
DA:178,0
DA:183,1
DA:186,1
DA:187,1
DA:188,0
LF:65
LH:34
BRDA:28,0,0,2
BRDA:28,0,1,1
BRDA:36,1,0,0
BRDA:36,1,1,1
BRDA:54,2,0,8
BRDA:54,2,1,8
BRDA:70,3,0,1
BRDA:70,3,1,0
BRDA:84,4,0,0
BRDA:84,4,1,0
BRDA:90,5,0,0
BRDA:90,5,1,0
BRDA:127,6,0,7
BRDA:127,6,1,7
BRDA:130,7,0,0
BRDA:130,7,1,7
BRDA:142,8,0,0
BRDA:142,8,1,1
BRDA:159,9,0,0
BRDA:159,9,1,0
BRDA:165,10,0,0
BRDA:165,10,1,0
BRDA:174,11,0,0
BRDA:174,11,1,0
BRDA:186,12,0,1
BRDA:186,12,1,0
BRF:26
BRH:11
end_of_record
TN:
SF:src\services\stockMovementValidation.ts
FN:8,(anonymous_0)
FN:26,(anonymous_1)
FN:27,(anonymous_2)
FNF:3
FNH:3
FNDA:11,(anonymous_0)
FNDA:5,(anonymous_1)
FNDA:6,(anonymous_2)
DA:8,1
DA:12,11
DA:14,11
DA:15,2
DA:19,11
DA:20,7
DA:23,11
DA:26,1
DA:27,6
LF:9
LH:9
BRDA:14,0,0,2
BRDA:14,0,1,9
BRDA:19,1,0,7
BRDA:19,1,1,4
BRDA:19,2,0,11
BRDA:19,2,1,6
BRDA:19,2,2,6
BRDA:19,2,3,5
BRF:8
BRH:8
end_of_record
TN:
SF:src\utils\formatters.ts
FN:11,formatCurrency
FN:31,parseCurrency
FN:48,useCurrencyInput
FN:54,(anonymous_3)
FN:58,(anonymous_4)
FN:70,formatDate
FN:89,formatDateTime
FN:111,formatPercentage
FNF:8
FNH:5
FNDA:8,formatCurrency
FNDA:5,parseCurrency
FNDA:0,useCurrencyInput
FNDA:0,(anonymous_3)
FNDA:0,(anonymous_4)
FNDA:6,formatDate
FNDA:4,formatDateTime
FNDA:4,formatPercentage
DA:11,1
DA:13,8
DA:16,8
DA:18,5
DA:31,1
DA:33,5
DA:36,5
DA:39,5
DA:48,1
DA:52,0
DA:55,0
DA:56,0
DA:60,0
DA:70,1
DA:71,6
DA:73,3
DA:75,3
DA:77,2
DA:89,1
DA:90,4
DA:92,2
DA:94,2
DA:96,1
DA:111,1
DA:112,4
LF:25
LH:21
BRDA:13,0,0,1
BRDA:13,0,1,7
BRDA:13,1,0,7
BRDA:13,1,1,2
BRDA:16,2,0,3
BRDA:16,2,1,5
BRDA:16,3,0,8
BRDA:16,3,1,7
BRDA:16,3,2,6
BRDA:39,4,0,5
BRDA:39,4,1,2
BRDA:71,5,0,3
BRDA:71,5,1,3
BRDA:73,6,0,2
BRDA:73,6,1,1
BRDA:75,7,0,1
BRDA:75,7,1,2
BRDA:90,8,0,2
BRDA:90,8,1,2
BRDA:92,9,0,1
BRDA:92,9,1,1
BRDA:94,10,0,1
BRDA:94,10,1,1
BRDA:111,11,0,2
BRF:24
BRH:24
end_of_record
TN:
SF:src\utils\validators.ts
FN:13,(anonymous_0)
FN:44,(anonymous_1)
FN:87,(anonymous_2)
FN:94,(anonymous_3)
FN:104,(anonymous_4)
FNF:5
FNH:5
FNDA:3,(anonymous_0)
FNDA:3,(anonymous_1)
FNDA:6,(anonymous_2)
FNDA:6,(anonymous_3)
FNDA:8,(anonymous_4)
DA:1,1
DA:4,1
DA:10,1
DA:14,3
DA:17,3
DA:20,2
DA:21,2
DA:22,18
DA:24,2
DA:25,2
DA:27,2
DA:30,2
DA:31,2
DA:32,20
DA:34,2
DA:35,2
DA:37,2
DA:41,1
DA:45,3
DA:48,3
DA:51,2
DA:52,2
DA:54,2
DA:55,2
DA:56,24
DA:58,2
DA:60,2
DA:62,0
DA:63,0
DA:64,0
DA:66,0
DA:68,0
DA:72,1
DA:77,1
DA:82,1
DA:87,1
DA:88,6
DA:89,5
DA:90,5
DA:94,1
DA:95,6
DA:97,4
DA:98,4
DA:99,4
DA:100,4
DA:104,1
DA:105,8
DA:106,6
DA:107,4
DA:109,2
DA:113,1
DA:119,1
LF:52
LH:47
BRDA:17,0,0,1
BRDA:17,0,1,2
BRDA:25,1,0,2
BRDA:25,1,1,0
BRDA:27,2,0,0
BRDA:27,2,1,2
BRDA:35,3,0,0
BRDA:35,3,1,2
BRDA:48,4,0,1
BRDA:48,4,1,2
BRDA:58,5,0,0
BRDA:58,5,1,2
BRDA:60,6,0,2
BRDA:60,6,1,0
BRDA:66,7,0,0
BRDA:66,7,1,0
BRDA:88,8,0,1
BRDA:88,8,1,5
BRDA:88,9,0,6
BRDA:88,9,1,5
BRDA:95,10,0,2
BRDA:95,10,1,4
BRDA:95,11,0,6
BRDA:95,11,1,5
BRDA:100,12,0,4
BRDA:100,12,1,3
BRDA:100,12,2,2
BRDA:105,13,0,2
BRDA:105,13,1,6
BRDA:105,14,0,8
BRDA:105,14,1,7
BRDA:106,15,0,4
BRDA:106,15,1,2
BRF:33
BRH:26
end_of_record
